01-Jun-2016 11:32:42.647 INFO [http-nio-8080-exec-4] org.apache.catalina.core.ApplicationContext.log HTMLManager: init: Associated with Deployer 'Catalina:type=Deployer,host=localhost'
01-Jun-2016 11:32:42.647 INFO [http-nio-8080-exec-4] org.apache.catalina.core.ApplicationContext.log HTMLManager: init: Global resources are available
01-Jun-2016 11:32:42.650 INFO [http-nio-8080-exec-4] org.apache.catalina.core.ApplicationContext.log HTMLManager: list: Listing contexts for virtual host 'localhost'
01-Jun-2016 11:33:26.016 INFO [http-nio-8080-exec-7] org.apache.catalina.core.ApplicationContext.log HTMLManager: list: Listing contexts for virtual host 'localhost'
01-Jun-2016 11:33:40.644 INFO [http-nio-8080-exec-8] org.apache.catalina.core.ApplicationContext.log HTMLManager: list: Listing contexts for virtual host 'localhost'
01-Jun-2016 11:35:37.187 INFO [http-nio-8080-exec-1] org.apache.catalina.core.ApplicationContext.log HTMLManager: init: Associated with Deployer 'Catalina:type=Deployer,host=localhost'
01-Jun-2016 11:35:37.187 INFO [http-nio-8080-exec-1] org.apache.catalina.core.ApplicationContext.log HTMLManager: init: Global resources are available
01-Jun-2016 11:35:43.943 INFO [http-nio-8080-exec-2] org.apache.catalina.core.ApplicationContext.log HTMLManager: list: Listing contexts for virtual host 'localhost'
01-Jun-2016 11:35:47.331 INFO [http-nio-8080-exec-3] org.apache.catalina.core.ApplicationContext.log HTMLManager: list: Listing contexts for virtual host 'localhost'
01-Jun-2016 11:35:49.429 INFO [http-nio-8080-exec-4] org.apache.catalina.core.ApplicationContext.log HTMLManager: undeploy: Undeploying web application at '/ITE-Bank'
01-Jun-2016 11:35:49.539 INFO [http-nio-8080-exec-4] org.apache.catalina.core.ApplicationContext.log HTMLManager: list: Listing contexts for virtual host 'localhost'
01-Jun-2016 11:35:58.454 INFO [http-nio-8080-exec-9] org.apache.catalina.core.ApplicationContext.log HTMLManager: list: Listing contexts for virtual host 'localhost'
01-Jun-2016 11:36:04.612 INFO [http-nio-8080-exec-10] org.apache.catalina.core.ApplicationContext.log HTMLManager: start: Starting web application '/ITE-Bank'
01-Jun-2016 11:36:04.614 INFO [http-nio-8080-exec-10] org.apache.catalina.core.ApplicationContext.log HTMLManager: list: Listing contexts for virtual host 'localhost'
01-Jun-2016 11:36:06.550 INFO [http-nio-8080-exec-11] org.apache.catalina.core.ApplicationContext.log HTMLManager: restart: Reloading web application '/ITE-Bank'
01-Jun-2016 11:36:07.279 INFO [http-nio-8080-exec-3] org.apache.catalina.core.ApplicationContext.log HTMLManager: restart: Reloading web application '/ITE-Bank'
01-Jun-2016 11:36:07.867 INFO [http-nio-8080-exec-6] org.apache.catalina.core.ApplicationContext.log HTMLManager: restart: Reloading web application '/ITE-Bank'
01-Jun-2016 11:36:08.190 INFO [http-nio-8080-exec-8] org.apache.catalina.core.ApplicationContext.log HTMLManager: restart: Reloading web application '/ITE-Bank'
01-Jun-2016 11:36:08.280 INFO [http-nio-8080-exec-11] org.apache.catalina.core.ApplicationContext.log HTMLManager: list: Listing contexts for virtual host 'localhost'
01-Jun-2016 11:36:08.460 INFO [http-nio-8080-exec-10] org.apache.catalina.core.ApplicationContext.log HTMLManager: restart: Reloading web application '/ITE-Bank'
01-Jun-2016 11:36:09.975 INFO [http-nio-8080-exec-8] org.apache.catalina.core.ApplicationContext.log HTMLManager: list: Listing contexts for virtual host 'localhost'
01-Jun-2016 11:36:11.586 INFO [http-nio-8080-exec-6] org.apache.catalina.core.ApplicationContext.log HTMLManager: list: Listing contexts for virtual host 'localhost'
01-Jun-2016 11:36:13.180 INFO [http-nio-8080-exec-3] org.apache.catalina.core.ApplicationContext.log HTMLManager: list: Listing contexts for virtual host 'localhost'
01-Jun-2016 11:36:14.878 INFO [http-nio-8080-exec-10] org.apache.catalina.core.ApplicationContext.log HTMLManager: list: Listing contexts for virtual host 'localhost'
01-Jun-2016 11:37:19.745 INFO [http-nio-8080-exec-1] org.apache.catalina.core.ApplicationContext.log HTMLManager: init: Associated with Deployer 'Catalina:type=Deployer,host=localhost'
01-Jun-2016 11:37:19.745 INFO [http-nio-8080-exec-1] org.apache.catalina.core.ApplicationContext.log HTMLManager: init: Global resources are available
01-Jun-2016 11:37:24.224 INFO [http-nio-8080-exec-2] org.apache.catalina.core.ApplicationContext.log HTMLManager: list: Listing contexts for virtual host 'localhost'
01-Jun-2016 11:37:36.638 INFO [http-nio-8080-exec-3] org.apache.catalina.core.ApplicationContext.log HTMLManager: list: Listing contexts for virtual host 'localhost'
